<?xml version="1.0" encoding="UTF-8"?>
<!-- Generated by org.testng.reporters.JUnitXMLReporter -->
<testsuite hostname="PC009808" ignored="2" name="Sign Out Chrome" tests="1" failures="0" timestamp="20 Aug 2018 19:14:24 GMT" time="0.014" errors="0">
  <testcase name="@BeforeSuite setUp" time="0.0" classname="common.UIAutomationTest.AutomationPractice">
    <failure type="org.testng.TestNGException" message="
Parameter &amp;apos;browser&amp;apos; is required by BeforeSuite on method setUp but has not been marked @Optional or defined
in C:\Users\xrach2907\eclipse-workspace\SeleniumWebDriver\testng.xml">
      <![CDATA[org.testng.TestNGException: 
Parameter 'browser' is required by BeforeSuite on method setUp but has not been marked @Optional or defined
in C:\Users\xrach2907\eclipse-workspace\SeleniumWebDriver\testng.xml
... Removed 17 stack frames]]>
    </failure>
  </testcase> <!-- @BeforeSuite setUp -->
  <testcase name="@AfterMethod takeScreenShotOnFailure" time="0.0" classname="common.UIAutomationTest.AutomationPractice">
    <skipped/>
  </testcase> <!-- @AfterMethod takeScreenShotOnFailure -->
  <testcase name="signOut" time="0.0" classname="common.UIAutomationTest.AutomationPractice">
    <skipped/>
  </testcase> <!-- signOut -->
  <testcase name="logIn" time="0.0" classname="common.UIAutomationTest.AutomationPractice">
    <ignored/>
  </testcase> <!-- logIn -->
  <testcase name="signUp" time="0.0" classname="common.UIAutomationTest.AutomationPractice">
    <ignored/>
  </testcase> <!-- signUp -->
</testsuite> <!-- Sign Out Chrome -->
